<node is-file="false">
    <name>/</name>
    <children>
        <child is-file="true">
            <name>file-77194797.xmml</name>
        </child>
        <child is-file="false">
            <name>dir-88971375</name>
            <children>
                <child is-file="true">
                    <name>file-9738721998.java</name>
                </child>
                <child is-file="true">
                    <name>file-1272239243.txt</name>
                </child>
                <child is-file="false">
                    <name>dir-219753795</name>
                    <children>
                        <child is-file="true">
                            <name>file-9748472197.xhtml</name>
                        </child>
                        <child is-file="true">
                            <name>file-11111111.java</name>
                        </child>
                        <child is-file="true">
                            <name>file-22222222.txt</name>
                        </child>
                        <child is-file="true">
                            <name>file.txt</name>
                        </child>
                    </children>
                </child>
            </children>
        </child>
    </children>
</node>